<?xml version="1.0" encoding="UTF-8"?>
<!-- Generated by org.testng.reporters.JUnitReportReporter -->
<testsuite hostname="AHAMEDSABID" failures="0" tests="2" name="org.example.RunnerClass" time="17.118" errors="0" timestamp="2025-06-24T20:53:26 IST" skipped="0">
  <testcase classname="org.example.RunnerClass" name="runScenario" time="8.384"/>
  <testcase classname="org.example.RunnerClass" name="runScenario" time="8.734"/>
</testsuite> <!-- org.example.RunnerClass -->
